#-----------------------------------------------------------
# Vivado v2018.3 (64-bit)
# SW Build 2405991 on Thu Dec  6 23:38:27 MST 2018
# IP Build 2404404 on Fri Dec  7 01:43:56 MST 2018
# Start of session at: Sun Nov 15 18:36:20 2020
# Process ID: 9288
# Current directory: D:/Jacob/Documents/ECE_1195/Lab_5/vivado/lab5
# Command line: vivado.exe -gui_launcher_event rodinguilauncherevent21584 D:\Jacob\Documents\ECE_1195\Lab_5\vivado\lab5\lab5.xpr
# Log file: D:/Jacob/Documents/ECE_1195/Lab_5/vivado/lab5/vivado.log
# Journal file: D:/Jacob/Documents/ECE_1195/Lab_5/vivado/lab5\vivado.jou
#-----------------------------------------------------------
start_gui
open_project D:/Jacob/Documents/ECE_1195/Lab_5/vivado/lab5/lab5.xpr
INFO: [Project 1-313] Project file moved from '/cryptdata/work/RCW/lab5/lab5' since last save.
Scanning sources...
Finished scanning sources
INFO: [IP_Flow 19-234] Refreshing IP repositories
INFO: [IP_Flow 19-1700] Loaded user IP repository 'd:/Jacob/Documents/ECE_1195/Lab_5/vivado/ip_repo'.
INFO: [IP_Flow 19-2313] Loaded Vivado IP repository 'D:/Xilinx/Vivado/2018.3/data/ip'.
open_project: Time (s): cpu = 00:00:14 ; elapsed = 00:00:09 . Memory (MB): peak = 715.465 ; gain = 148.191
update_compile_order -fileset sources_1
open_bd_design {D:/Jacob/Documents/ECE_1195/Lab_5/vivado/lab5/lab5.srcs/sources_1/bd/system/system.bd}
Adding cell -- xilinx.com:ip:axis_data_fifo:2.0 - AXIS_DATA_FIFO
Adding cell -- xilinx.com:ip:axi_dma:7.1 - AXI_DMA
Adding cell -- xilinx.com:ip:xlconcat:2.1 - IRQ_CONCAT
Adding cell -- xilinx.com:ip:smartconnect:1.0 - PL2PS_AXI
Adding cell -- xilinx.com:ip:axi_interconnect:2.1 - PS2PL_AXI
Adding cell -- xilinx.com:ip:axi_protocol_converter:2.1 - auto_pc
Adding cell -- xilinx.com:ip:processing_system7:5.5 - PS7
Adding cell -- xilinx.com:ip:proc_sys_reset:5.0 - PSR
Successfully read diagram <system> from BD file <D:/Jacob/Documents/ECE_1195/Lab_5/vivado/lab5/lab5.srcs/sources_1/bd/system/system.bd>
open_bd_design: Time (s): cpu = 00:00:14 ; elapsed = 00:00:14 . Memory (MB): peak = 827.816 ; gain = 95.160
set_property  ip_repo_paths  {d:/Jacob/Documents/ECE_1195/Lab_5/vivado/ip_repo D:/Jacob/Documents/ECE_1195/Lab_5/Lab_5/solution1/impl/ip} [current_project]
update_ip_catalog
INFO: [IP_Flow 19-234] Refreshing IP repositories
INFO: [IP_Flow 19-1700] Loaded user IP repository 'd:/Jacob/Documents/ECE_1195/Lab_5/vivado/ip_repo'.
INFO: [IP_Flow 19-1700] Loaded user IP repository 'd:/Jacob/Documents/ECE_1195/Lab_5/Lab_5/solution1/impl/ip'.
delete_bd_objs [get_bd_intf_nets ACCEL_M_AXIS] [get_bd_intf_nets S_AXIS_1] [get_bd_nets processing_system7_0_FCLK_CLK0] [get_bd_nets rst_ps7_0_100M_peripheral_aresetn] [get_bd_cells ACCEL]
startgroup
create_bd_cell -type ip -vlnv xilinx.com:hls:hw_conv:1.0 hw_conv_0
endgroup
set_property location {1 60 91} [get_bd_cells hw_conv_0]
set_property location {1 95 101} [get_bd_cells hw_conv_0]
set_property location {1 86 150} [get_bd_cells hw_conv_0]
set_property location {1 89 96} [get_bd_cells hw_conv_0]
set_property location {1 85 111} [get_bd_cells hw_conv_0]
set_property location {1 85 105} [get_bd_cells hw_conv_0]
set_property location {1 87 115} [get_bd_cells hw_conv_0]
set_property location {1 65 100} [get_bd_cells hw_conv_0]
set_property location {1 -39 89} [get_bd_cells hw_conv_0]
set_property location {1 135 75} [get_bd_cells hw_conv_0]
set_property location {1 87 57} [get_bd_cells hw_conv_0]
set_property location {1 95 91} [get_bd_cells hw_conv_0]
set_property location {1 100 121} [get_bd_cells hw_conv_0]
connect_bd_intf_net [get_bd_intf_pins hw_conv_0/sout] -boundary_type upper [get_bd_intf_pins SYSTEM/S_AXIS]
connect_bd_intf_net -boundary_type upper [get_bd_intf_pins SYSTEM/M_AXIS_MM2S] [get_bd_intf_pins hw_conv_0/sin]
undo
INFO: [Common 17-17] undo 'connect_bd_intf_net -boundary_type upper [get_bd_intf_pins SYSTEM/M_AXIS_MM2S] [get_bd_intf_pins hw_conv_0/sin]'
connect_bd_net [get_bd_pins SYSTEM/M_AXIS_ARESETN] [get_bd_pins hw_conv_0/ap_rst_n]
connect_bd_net [get_bd_pins hw_conv_0/ap_clk] [get_bd_pins SYSTEM/M_AXIS_ACLK]
connect_bd_intf_net [get_bd_intf_pins hw_conv_0/sin] -boundary_type upper [get_bd_intf_pins SYSTEM/M_AXIS_MM2S]
save_bd_design
Wrote  : <D:\Jacob\Documents\ECE_1195\Lab_5\vivado\lab5\lab5.srcs\sources_1\bd\system\system.bd> 
Wrote  : <D:/Jacob/Documents/ECE_1195/Lab_5/vivado/lab5/lab5.srcs/sources_1/bd/system/ui/bd_a4bfee5e.ui> 
make_wrapper -files [get_files D:/Jacob/Documents/ECE_1195/Lab_5/vivado/lab5/lab5.srcs/sources_1/bd/system/system.bd] -top
WARNING: [BD 41-702] Propagation TCL tries to overwrite USER strength parameter C_M_AXI_S2MM_DATA_WIDTH(64) on '/SYSTEM/AXI_DMA' with propagated value(32). Command ignored
WARNING: [BD 41-1284] Cannot set parameter SUGGESTED_PRIORITY on port /SYSTEM/PS7/IRQ_F2P
WARNING: [BD 41-1284] Cannot set parameter SUGGESTED_PRIORITY on port /SYSTEM/PS7/IRQ_F2P
WARNING: [BD 41-702] Propagation TCL tries to overwrite USER strength parameter C_M_AXI_S2MM_DATA_WIDTH(64) on '/SYSTEM/AXI_DMA' with propagated value(32). Command ignored
WARNING: [BD 41-1284] Cannot set parameter SUGGESTED_PRIORITY on port /SYSTEM/PS7/IRQ_F2P
WARNING: [BD 41-1284] Cannot set parameter SUGGESTED_PRIORITY on port /SYSTEM/PS7/IRQ_F2P
WARNING: [BD 41-702] Propagation TCL tries to overwrite USER strength parameter C_M_AXI_S2MM_DATA_WIDTH(64) on '/SYSTEM/AXI_DMA' with propagated value(32). Command ignored
WARNING: [BD 41-1284] Cannot set parameter SUGGESTED_PRIORITY on port /SYSTEM/PS7/IRQ_F2P
WARNING: [BD 41-1284] Cannot set parameter SUGGESTED_PRIORITY on port /SYSTEM/PS7/IRQ_F2P
WARNING: [BD 41-702] Propagation TCL tries to overwrite USER strength parameter C_M_AXI_S2MM_DATA_WIDTH(64) on '/SYSTEM/AXI_DMA' with propagated value(32). Command ignored
WARNING: [BD 41-1284] Cannot set parameter SUGGESTED_PRIORITY on port /SYSTEM/PS7/IRQ_F2P
WARNING: [BD 41-1284] Cannot set parameter SUGGESTED_PRIORITY on port /SYSTEM/PS7/IRQ_F2P
WARNING: [BD 41-702] Propagation TCL tries to overwrite USER strength parameter C_M_AXI_S2MM_DATA_WIDTH(64) on '/SYSTEM/AXI_DMA' with propagated value(32). Command ignored
WARNING: [BD 41-1284] Cannot set parameter SUGGESTED_PRIORITY on port /SYSTEM/PS7/IRQ_F2P
WARNING: [BD 41-1284] Cannot set parameter SUGGESTED_PRIORITY on port /SYSTEM/PS7/IRQ_F2P
WARNING: [BD 41-702] Propagation TCL tries to overwrite USER strength parameter C_M_AXI_S2MM_DATA_WIDTH(64) on '/SYSTEM/AXI_DMA' with propagated value(32). Command ignored
WARNING: [BD 41-1284] Cannot set parameter SUGGESTED_PRIORITY on port /SYSTEM/PS7/IRQ_F2P
WARNING: [BD 41-1284] Cannot set parameter SUGGESTED_PRIORITY on port /SYSTEM/PS7/IRQ_F2P
WARNING: [BD 41-702] Propagation TCL tries to overwrite USER strength parameter C_M_AXI_S2MM_DATA_WIDTH(64) on '/SYSTEM/AXI_DMA' with propagated value(32). Command ignored
WARNING: [BD 41-1284] Cannot set parameter SUGGESTED_PRIORITY on port /SYSTEM/PS7/IRQ_F2P
WARNING: [BD 41-1284] Cannot set parameter SUGGESTED_PRIORITY on port /SYSTEM/PS7/IRQ_F2P
WARNING: [BD 41-702] Propagation TCL tries to overwrite USER strength parameter C_M_AXI_S2MM_DATA_WIDTH(64) on '/SYSTEM/AXI_DMA' with propagated value(32). Command ignored
INFO: [Ipptcl 7-1463] No Compatible Board Interface found. Board Tab not created in customize GUI
WARNING: [BD 41-1284] Cannot set parameter SUGGESTED_PRIORITY on port /SYSTEM/PS7/IRQ_F2P
WARNING: [BD 41-1284] Cannot set parameter SUGGESTED_PRIORITY on port /SYSTEM/PS7/IRQ_F2P
WARNING: [BD 41-702] Propagation TCL tries to overwrite USER strength parameter C_M_AXI_S2MM_DATA_WIDTH(64) on '/SYSTEM/AXI_DMA' with propagated value(32). Command ignored
WARNING: [BD 41-1284] Cannot set parameter SUGGESTED_PRIORITY on port /SYSTEM/PS7/IRQ_F2P
WARNING: [BD 41-1284] Cannot set parameter SUGGESTED_PRIORITY on port /SYSTEM/PS7/IRQ_F2P
WARNING: [BD 41-702] Propagation TCL tries to overwrite USER strength parameter C_M_AXI_S2MM_DATA_WIDTH(64) on '/SYSTEM/AXI_DMA' with propagated value(32). Command ignored
WARNING: [BD 41-1284] Cannot set parameter SUGGESTED_PRIORITY on port /SYSTEM/PS7/IRQ_F2P
WARNING: [BD 41-1284] Cannot set parameter SUGGESTED_PRIORITY on port /SYSTEM/PS7/IRQ_F2P
WARNING: [BD 41-702] Propagation TCL tries to overwrite USER strength parameter C_M_AXI_S2MM_DATA_WIDTH(64) on '/SYSTEM/AXI_DMA' with propagated value(32). Command ignored
Wrote  : <D:\Jacob\Documents\ECE_1195\Lab_5\vivado\lab5\lab5.srcs\sources_1\bd\system\system.bd> 
VHDL Output written to : D:/Jacob/Documents/ECE_1195/Lab_5/vivado/lab5/lab5.srcs/sources_1/bd/system/synth/system.vhd
VHDL Output written to : D:/Jacob/Documents/ECE_1195/Lab_5/vivado/lab5/lab5.srcs/sources_1/bd/system/sim/system.vhd
VHDL Output written to : D:/Jacob/Documents/ECE_1195/Lab_5/vivado/lab5/lab5.srcs/sources_1/bd/system/hdl/system_wrapper.vhd
make_wrapper: Time (s): cpu = 00:00:07 ; elapsed = 00:00:10 . Memory (MB): peak = 982.180 ; gain = 107.508
add_files -norecurse D:/Jacob/Documents/ECE_1195/Lab_5/vivado/lab5/lab5.srcs/sources_1/bd/system/hdl/system_wrapper.vhd
launch_runs impl_1 -to_step write_bitstream -jobs 8
INFO: [BD 41-1662] The design 'system.bd' is already validated. Therefore parameter propagation will not be re-run.
VHDL Output written to : D:/Jacob/Documents/ECE_1195/Lab_5/vivado/lab5/lab5.srcs/sources_1/bd/system/synth/system.vhd
VHDL Output written to : D:/Jacob/Documents/ECE_1195/Lab_5/vivado/lab5/lab5.srcs/sources_1/bd/system/sim/system.vhd
VHDL Output written to : D:/Jacob/Documents/ECE_1195/Lab_5/vivado/lab5/lab5.srcs/sources_1/bd/system/hdl/system_wrapper.vhd
INFO: [BD 41-1029] Generation completed for the IP Integrator block SYSTEM/AXI_DMA .
INFO: [BD 41-1029] Generation completed for the IP Integrator block SYSTEM/IRQ_CONCAT .
Exporting to file d:/Jacob/Documents/ECE_1195/Lab_5/vivado/lab5/lab5.srcs/sources_1/bd/system/ip/system_PL2PS_AXI_0/bd_0/hw_handoff/system_PL2PS_AXI_0.hwh
Generated Block Design Tcl file d:/Jacob/Documents/ECE_1195/Lab_5/vivado/lab5/lab5.srcs/sources_1/bd/system/ip/system_PL2PS_AXI_0/bd_0/hw_handoff/system_PL2PS_AXI_0_bd.tcl
Generated Hardware Definition File d:/Jacob/Documents/ECE_1195/Lab_5/vivado/lab5/lab5.srcs/sources_1/bd/system/ip/system_PL2PS_AXI_0/bd_0/synth/system_PL2PS_AXI_0.hwdef
INFO: [BD 41-1029] Generation completed for the IP Integrator block SYSTEM/PL2PS_AXI .
INFO: [BD 41-1029] Generation completed for the IP Integrator block SYSTEM/PS7 .
INFO: [BD 41-1029] Generation completed for the IP Integrator block SYSTEM/PSR .
INFO: [BD 41-1029] Generation completed for the IP Integrator block hw_conv_0 .
WARNING: [IP_Flow 19-4994] Overwriting existing constraint file 'd:/Jacob/Documents/ECE_1195/Lab_5/vivado/lab5/lab5.srcs/sources_1/bd/system/ip/system_auto_pc_0/system_auto_pc_0_ooc.xdc'
INFO: [BD 41-1029] Generation completed for the IP Integrator block SYSTEM/PS2PL_AXI/s00_couplers/auto_pc .
Exporting to file D:/Jacob/Documents/ECE_1195/Lab_5/vivado/lab5/lab5.srcs/sources_1/bd/system/hw_handoff/system.hwh
Generated Block Design Tcl file D:/Jacob/Documents/ECE_1195/Lab_5/vivado/lab5/lab5.srcs/sources_1/bd/system/hw_handoff/system_bd.tcl
Generated Hardware Definition File D:/Jacob/Documents/ECE_1195/Lab_5/vivado/lab5/lab5.srcs/sources_1/bd/system/synth/system.hwdef
[Sun Nov 15 18:57:23 2020] Launched system_PS7_0_synth_1, system_AXI_DMA_0_synth_1, system_PL2PS_AXI_0_synth_1, system_PSR_0_synth_1, system_auto_pc_0_synth_1, system_hw_conv_0_0_synth_1, synth_1...
Run output will be captured here:
system_PS7_0_synth_1: D:/Jacob/Documents/ECE_1195/Lab_5/vivado/lab5/lab5.runs/system_PS7_0_synth_1/runme.log
system_AXI_DMA_0_synth_1: D:/Jacob/Documents/ECE_1195/Lab_5/vivado/lab5/lab5.runs/system_AXI_DMA_0_synth_1/runme.log
system_PL2PS_AXI_0_synth_1: D:/Jacob/Documents/ECE_1195/Lab_5/vivado/lab5/lab5.runs/system_PL2PS_AXI_0_synth_1/runme.log
system_PSR_0_synth_1: D:/Jacob/Documents/ECE_1195/Lab_5/vivado/lab5/lab5.runs/system_PSR_0_synth_1/runme.log
system_auto_pc_0_synth_1: D:/Jacob/Documents/ECE_1195/Lab_5/vivado/lab5/lab5.runs/system_auto_pc_0_synth_1/runme.log
system_hw_conv_0_0_synth_1: D:/Jacob/Documents/ECE_1195/Lab_5/vivado/lab5/lab5.runs/system_hw_conv_0_0_synth_1/runme.log
synth_1: D:/Jacob/Documents/ECE_1195/Lab_5/vivado/lab5/lab5.runs/synth_1/runme.log
[Sun Nov 15 18:57:24 2020] Launched impl_1...
Run output will be captured here: D:/Jacob/Documents/ECE_1195/Lab_5/vivado/lab5/lab5.runs/impl_1/runme.log
launch_runs: Time (s): cpu = 00:00:36 ; elapsed = 00:01:04 . Memory (MB): peak = 1173.152 ; gain = 157.148
open_run impl_1
INFO: [Netlist 29-17] Analyzing 1810 Unisim elements for replacement
INFO: [Netlist 29-28] Unisim Transformation completed in 0 CPU seconds
INFO: [Project 1-479] Netlist was created with Vivado 2018.3
INFO: [Device 21-403] Loading part xc7z020clg400-1
INFO: [Project 1-570] Preparing netlist for logic optimization
INFO: [Timing 38-478] Restoring timing data from binary archive.
INFO: [Timing 38-479] Binary timing data restore complete.
INFO: [Project 1-856] Restoring constraints from binary archive.
INFO: [Project 1-853] Binary constraint restore complete.
Reading XDEF placement.
Reading placer database...
Reading XDEF routing.
Read XDEF File: Time (s): cpu = 00:00:03 ; elapsed = 00:00:02 . Memory (MB): peak = 2236.309 ; gain = 14.070
Restored from archive | CPU: 3.000000 secs | Memory: 0.000000 MB |
Finished XDEF File Restore: Time (s): cpu = 00:00:03 ; elapsed = 00:00:02 . Memory (MB): peak = 2236.309 ; gain = 14.070
Netlist sorting complete. Time (s): cpu = 00:00:00 ; elapsed = 00:00:00.011 . Memory (MB): peak = 2236.477 ; gain = 0.000
INFO: [Project 1-111] Unisim Transformation Summary:
  A total of 54 instances were transformed.
  RAM32M => RAM32M (RAMD32, RAMD32, RAMD32, RAMD32, RAMD32, RAMD32, RAMS32, RAMS32): 54 instances

WARNING: [Designutils 20-3303] unexpected site type 'IOPAD' in HDPYFinalizeIO
WARNING: [Designutils 20-3303] unexpected site type 'IOPAD' in HDPYFinalizeIO
WARNING: [Designutils 20-3303] unexpected site type 'IOPAD' in HDPYFinalizeIO
WARNING: [Designutils 20-3303] unexpected site type 'IOPAD' in HDPYFinalizeIO
WARNING: [Designutils 20-3303] unexpected site type 'IOPAD' in HDPYFinalizeIO
WARNING: [Designutils 20-3303] unexpected site type 'IOPAD' in HDPYFinalizeIO
WARNING: [Designutils 20-3303] unexpected site type 'IOPAD' in HDPYFinalizeIO
WARNING: [Designutils 20-3303] unexpected site type 'IOPAD' in HDPYFinalizeIO
WARNING: [Designutils 20-3303] unexpected site type 'IOPAD' in HDPYFinalizeIO
WARNING: [Designutils 20-3303] unexpected site type 'IOPAD' in HDPYFinalizeIO
WARNING: [Designutils 20-3303] unexpected site type 'IOPAD' in HDPYFinalizeIO
WARNING: [Designutils 20-3303] unexpected site type 'IOPAD' in HDPYFinalizeIO
WARNING: [Designutils 20-3303] unexpected site type 'IOPAD' in HDPYFinalizeIO
WARNING: [Designutils 20-3303] unexpected site type 'IOPAD' in HDPYFinalizeIO
WARNING: [Designutils 20-3303] unexpected site type 'IOPAD' in HDPYFinalizeIO
WARNING: [Designutils 20-3303] unexpected site type 'IOPAD' in HDPYFinalizeIO
WARNING: [Designutils 20-3303] unexpected site type 'IOPAD' in HDPYFinalizeIO
WARNING: [Designutils 20-3303] unexpected site type 'IOPAD' in HDPYFinalizeIO
WARNING: [Designutils 20-3303] unexpected site type 'IOPAD' in HDPYFinalizeIO
WARNING: [Designutils 20-3303] unexpected site type 'IOPAD' in HDPYFinalizeIO
WARNING: [Designutils 20-3303] unexpected site type 'IOPAD' in HDPYFinalizeIO
WARNING: [Designutils 20-3303] unexpected site type 'IOPAD' in HDPYFinalizeIO
WARNING: [Designutils 20-3303] unexpected site type 'IOPAD' in HDPYFinalizeIO
WARNING: [Designutils 20-3303] unexpected site type 'IOPAD' in HDPYFinalizeIO
WARNING: [Designutils 20-3303] unexpected site type 'IOPAD' in HDPYFinalizeIO
WARNING: [Designutils 20-3303] unexpected site type 'IOPAD' in HDPYFinalizeIO
WARNING: [Designutils 20-3303] unexpected site type 'IOPAD' in HDPYFinalizeIO
WARNING: [Designutils 20-3303] unexpected site type 'IOPAD' in HDPYFinalizeIO
WARNING: [Designutils 20-3303] unexpected site type 'IOPAD' in HDPYFinalizeIO
WARNING: [Designutils 20-3303] unexpected site type 'IOPAD' in HDPYFinalizeIO
WARNING: [Designutils 20-3303] unexpected site type 'IOPAD' in HDPYFinalizeIO
WARNING: [Designutils 20-3303] unexpected site type 'IOPAD' in HDPYFinalizeIO
WARNING: [Designutils 20-3303] unexpected site type 'IOPAD' in HDPYFinalizeIO
WARNING: [Designutils 20-3303] unexpected site type 'IOPAD' in HDPYFinalizeIO
WARNING: [Designutils 20-3303] unexpected site type 'IOPAD' in HDPYFinalizeIO
WARNING: [Designutils 20-3303] unexpected site type 'IOPAD' in HDPYFinalizeIO
WARNING: [Designutils 20-3303] unexpected site type 'IOPAD' in HDPYFinalizeIO
WARNING: [Designutils 20-3303] unexpected site type 'IOPAD' in HDPYFinalizeIO
WARNING: [Designutils 20-3303] unexpected site type 'IOPAD' in HDPYFinalizeIO
WARNING: [Designutils 20-3303] unexpected site type 'IOPAD' in HDPYFinalizeIO
WARNING: [Designutils 20-3303] unexpected site type 'IOPAD' in HDPYFinalizeIO
WARNING: [Designutils 20-3303] unexpected site type 'IOPAD' in HDPYFinalizeIO
WARNING: [Designutils 20-3303] unexpected site type 'IOPAD' in HDPYFinalizeIO
WARNING: [Designutils 20-3303] unexpected site type 'IOPAD' in HDPYFinalizeIO
WARNING: [Designutils 20-3303] unexpected site type 'IOPAD' in HDPYFinalizeIO
WARNING: [Designutils 20-3303] unexpected site type 'IOPAD' in HDPYFinalizeIO
WARNING: [Designutils 20-3303] unexpected site type 'IOPAD' in HDPYFinalizeIO
WARNING: [Designutils 20-3303] unexpected site type 'IOPAD' in HDPYFinalizeIO
WARNING: [Designutils 20-3303] unexpected site type 'IOPAD' in HDPYFinalizeIO
WARNING: [Designutils 20-3303] unexpected site type 'IOPAD' in HDPYFinalizeIO
WARNING: [Designutils 20-3303] unexpected site type 'IOPAD' in HDPYFinalizeIO
WARNING: [Designutils 20-3303] unexpected site type 'IOPAD' in HDPYFinalizeIO
WARNING: [Designutils 20-3303] unexpected site type 'IOPAD' in HDPYFinalizeIO
WARNING: [Designutils 20-3303] unexpected site type 'IOPAD' in HDPYFinalizeIO
WARNING: [Designutils 20-3303] unexpected site type 'IOPAD' in HDPYFinalizeIO
WARNING: [Designutils 20-3303] unexpected site type 'IOPAD' in HDPYFinalizeIO
WARNING: [Designutils 20-3303] unexpected site type 'IOPAD' in HDPYFinalizeIO
WARNING: [Designutils 20-3303] unexpected site type 'IOPAD' in HDPYFinalizeIO
WARNING: [Designutils 20-3303] unexpected site type 'IOPAD' in HDPYFinalizeIO
WARNING: [Designutils 20-3303] unexpected site type 'IOPAD' in HDPYFinalizeIO
WARNING: [Designutils 20-3303] unexpected site type 'IOPAD' in HDPYFinalizeIO
WARNING: [Designutils 20-3303] unexpected site type 'IOPAD' in HDPYFinalizeIO
WARNING: [Designutils 20-3303] unexpected site type 'IOPAD' in HDPYFinalizeIO
WARNING: [Designutils 20-3303] unexpected site type 'IOPAD' in HDPYFinalizeIO
WARNING: [Designutils 20-3303] unexpected site type 'IOPAD' in HDPYFinalizeIO
WARNING: [Designutils 20-3303] unexpected site type 'IOPAD' in HDPYFinalizeIO
WARNING: [Designutils 20-3303] unexpected site type 'IOPAD' in HDPYFinalizeIO
WARNING: [Designutils 20-3303] unexpected site type 'IOPAD' in HDPYFinalizeIO
WARNING: [Designutils 20-3303] unexpected site type 'IOPAD' in HDPYFinalizeIO
WARNING: [Designutils 20-3303] unexpected site type 'IOPAD' in HDPYFinalizeIO
WARNING: [Designutils 20-3303] unexpected site type 'IOPAD' in HDPYFinalizeIO
WARNING: [Designutils 20-3303] unexpected site type 'IOPAD' in HDPYFinalizeIO
WARNING: [Designutils 20-3303] unexpected site type 'IOPAD' in HDPYFinalizeIO
WARNING: [Designutils 20-3303] unexpected site type 'IOPAD' in HDPYFinalizeIO
WARNING: [Designutils 20-3303] unexpected site type 'IOPAD' in HDPYFinalizeIO
WARNING: [Designutils 20-3303] unexpected site type 'IOPAD' in HDPYFinalizeIO
WARNING: [Designutils 20-3303] unexpected site type 'IOPAD' in HDPYFinalizeIO
WARNING: [Designutils 20-3303] unexpected site type 'IOPAD' in HDPYFinalizeIO
WARNING: [Designutils 20-3303] unexpected site type 'IOPAD' in HDPYFinalizeIO
WARNING: [Designutils 20-3303] unexpected site type 'IOPAD' in HDPYFinalizeIO
WARNING: [Designutils 20-3303] unexpected site type 'IOPAD' in HDPYFinalizeIO
WARNING: [Designutils 20-3303] unexpected site type 'IOPAD' in HDPYFinalizeIO
WARNING: [Designutils 20-3303] unexpected site type 'IOPAD' in HDPYFinalizeIO
WARNING: [Designutils 20-3303] unexpected site type 'IOPAD' in HDPYFinalizeIO
WARNING: [Designutils 20-3303] unexpected site type 'IOPAD' in HDPYFinalizeIO
WARNING: [Designutils 20-3303] unexpected site type 'IOPAD' in HDPYFinalizeIO
WARNING: [Designutils 20-3303] unexpected site type 'IOPAD' in HDPYFinalizeIO
WARNING: [Designutils 20-3303] unexpected site type 'IOPAD' in HDPYFinalizeIO
WARNING: [Designutils 20-3303] unexpected site type 'IOPAD' in HDPYFinalizeIO
WARNING: [Designutils 20-3303] unexpected site type 'IOPAD' in HDPYFinalizeIO
WARNING: [Designutils 20-3303] unexpected site type 'IOPAD' in HDPYFinalizeIO
WARNING: [Designutils 20-3303] unexpected site type 'IOPAD' in HDPYFinalizeIO
WARNING: [Designutils 20-3303] unexpected site type 'IOPAD' in HDPYFinalizeIO
WARNING: [Designutils 20-3303] unexpected site type 'IOPAD' in HDPYFinalizeIO
WARNING: [Designutils 20-3303] unexpected site type 'IOPAD' in HDPYFinalizeIO
WARNING: [Designutils 20-3303] unexpected site type 'IOPAD' in HDPYFinalizeIO
WARNING: [Designutils 20-3303] unexpected site type 'IOPAD' in HDPYFinalizeIO
WARNING: [Designutils 20-3303] unexpected site type 'IOPAD' in HDPYFinalizeIO
WARNING: [Designutils 20-3303] unexpected site type 'IOPAD' in HDPYFinalizeIO
WARNING: [Designutils 20-3303] unexpected site type 'IOPAD' in HDPYFinalizeIO
INFO: [Common 17-14] Message 'Designutils 20-3303' appears 100 times and further instances of the messages will be disabled. Use the Tcl command set_msg_config to change the current settings.
open_run: Time (s): cpu = 00:00:42 ; elapsed = 00:00:45 . Memory (MB): peak = 2374.813 ; gain = 1066.000
open_report: Time (s): cpu = 00:00:11 ; elapsed = 00:00:07 . Memory (MB): peak = 2424.680 ; gain = 48.004
reset_run impl_1 -prev_step 
launch_runs impl_1 -to_step write_bitstream -jobs 8
[Thu Nov 19 11:08:26 2020] Launched impl_1...
Run output will be captured here: D:/Jacob/Documents/ECE_1195/Lab_5/vivado/lab5/lab5.runs/impl_1/runme.log
launch_runs: Time (s): cpu = 00:00:03 ; elapsed = 00:00:20 . Memory (MB): peak = 2658.563 ; gain = 0.000
exit
INFO: [Common 17-206] Exiting Vivado at Thu Nov 19 11:53:21 2020...
