INFO: [HLS 200-10] Running 'D:/Xilinx/Vivado/2018.3/bin/unwrapped/win64.o/vivado_hls.exe'
INFO: [HLS 200-10] For user 'Jacob' on host 'laptop-8bn5orht' (Windows NT_amd64 version 6.2) on Thu Nov 19 11:51:22 -0500 2020
INFO: [HLS 200-10] In directory 'D:/Jacob/Documents/ECE_1195/Lab_5'
INFO: [HLS 200-10] Opening project 'D:/Jacob/Documents/ECE_1195/Lab_5/Lab_5'.
INFO: [HLS 200-10] Opening solution 'D:/Jacob/Documents/ECE_1195/Lab_5/Lab_5/solution1'.
INFO: [SYN 201-201] Setting up clock 'default' with a period of 10ns.
INFO: [HLS 200-10] Setting target device to 'xc7z020clg400-1'
INFO: [SIM 211-2] *************** CSIM start ***************
INFO: [SIM 211-4] CSIM will launch GCC as the compiler.
   Compiling ../../../../vhls/testbench.cpp in debug mode
   Compiling ../../../../vhls/convolution.cpp in debug mode
   Compiling ../../../../vhls/image.cpp in debug mode
   Generating csim.exe
In file included from D:/Xilinx/Vivado/2018.3/include/floating_point_v7_0_bitacc_cmodel.h:143:0,
                 from D:/Xilinx/Vivado/2018.3/include/hls_fpo.h:186,
                 from D:/Xilinx/Vivado/2018.3/include/hls_half.h:44,
                 from D:/Xilinx/Vivado/2018.3/include/etc/ap_private.h:90,
                 from D:/Xilinx/Vivado/2018.3/include/ap_common.h:641,
                 from D:/Xilinx/Vivado/2018.3/include/ap_int.h:54,
                 from D:/Xilinx/Vivado/2018.3/include/ap_axi_sdata.h:86,
                 from ../../../../vhls/convolution.hpp:42,
                 from ../../../../vhls/testbench.cpp:34:
D:/Xilinx/Vivado/2018.3/include/gmp.h:62:0: warning: "__GMP_LIBGMP_DLL" redefined
 #define __GMP_LIBGMP_DLL  0
 
In file included from D:/Xilinx/Vivado/2018.3/include/hls_fpo.h:186:0,
                 from D:/Xilinx/Vivado/2018.3/include/hls_half.h:44,
                 from D:/Xilinx/Vivado/2018.3/include/etc/ap_private.h:90,
                 from D:/Xilinx/Vivado/2018.3/include/ap_common.h:641,
                 from D:/Xilinx/Vivado/2018.3/include/ap_int.h:54,
                 from D:/Xilinx/Vivado/2018.3/include/ap_axi_sdata.h:86,
                 from ../../../../vhls/convolution.hpp:42,
                 from ../../../../vhls/testbench.cpp:34:
D:/Xilinx/Vivado/2018.3/include/floating_point_v7_0_bitacc_cmodel.h:135:0: note: this is the location of the previous definition
 #define __GMP_LIBGMP_DLL 1
 
In file included from D:/Xilinx/Vivado/2018.3/include/floating_point_v7_0_bitacc_cmodel.h:143:0,
                 from D:/Xilinx/Vivado/2018.3/include/hls_fpo.h:186,
                 from D:/Xilinx/Vivado/2018.3/include/hls_half.h:44,
                 from D:/Xilinx/Vivado/2018.3/include/etc/ap_private.h:90,
                 from D:/Xilinx/Vivado/2018.3/include/ap_common.h:641,
                 from D:/Xilinx/Vivado/2018.3/include/ap_int.h:54,
                 from D:/Xilinx/Vivado/2018.3/include/ap_axi_sdata.h:86,
                 from ../../../../vhls/convolution.hpp:42,
                 from ../../../../vhls/convolution.cpp:33:
D:/Xilinx/Vivado/2018.3/include/gmp.h:62:0: warning: "__GMP_LIBGMP_DLL" redefined
 #define __GMP_LIBGMP_DLL  0
 
In file included from D:/Xilinx/Vivado/2018.3/include/hls_fpo.h:186:0,
                 from D:/Xilinx/Vivado/2018.3/include/hls_half.h:44,
                 from D:/Xilinx/Vivado/2018.3/include/etc/ap_private.h:90,
                 from D:/Xilinx/Vivado/2018.3/include/ap_common.h:641,
                 from D:/Xilinx/Vivado/2018.3/include/ap_int.h:54,
                 from D:/Xilinx/Vivado/2018.3/include/ap_axi_sdata.h:86,
                 from ../../../../vhls/convolution.hpp:42,
                 from ../../../../vhls/convolution.cpp:33:
D:/Xilinx/Vivado/2018.3/include/floating_point_v7_0_bitacc_cmodel.h:135:0: note: this is the location of the previous definition
 #define __GMP_LIBGMP_DLL 1
 
INFO: [SIM 211-1] CSim file generation done with 0 errors.
INFO: [SIM 211-3] *************** CSIM finish ***************
